<?xml version="1.0" encoding="UTF-8"?>
<testng-results total="2" passed="2" failed="0" skipped="0">
  <reporter-output>
  </reporter-output>
  <suite started-at="2024-07-13T13:16:59Z" name="Test Suite for Buildout" finished-at="2024-07-13T13:17:35Z" duration-ms="36138">
    <groups>
    </groups>
    <test started-at="2024-07-13T13:16:59Z" name="Test Cases for Buildout" finished-at="2024-07-13T13:17:35Z" duration-ms="36138">
      <class name="demo.TestCases">
        <test-method is-config="true" signature="startBrowser()[pri:0, instance:demo.TestCases@45e37a7e]" started-at="2024-07-13T18:46:59Z" name="startBrowser" finished-at="2024-07-13T18:47:03Z" duration-ms="4584" status="PASS">
          <reporter-output>
          </reporter-output>
        </test-method> <!-- startBrowser -->
        <test-method signature="testCase01()[pri:0, instance:demo.TestCases@45e37a7e]" started-at="2024-07-13T18:47:03Z" name="testCase01" finished-at="2024-07-13T18:47:18Z" duration-ms="14354" status="PASS">
          <reporter-output>
          </reporter-output>
        </test-method> <!-- testCase01 -->
        <test-method signature="testCase02()[pri:0, instance:demo.TestCases@45e37a7e]" started-at="2024-07-13T18:47:18Z" name="testCase02" finished-at="2024-07-13T18:47:35Z" duration-ms="17194" status="PASS">
          <reporter-output>
          </reporter-output>
        </test-method> <!-- testCase02 -->
        <test-method is-config="true" signature="closeBrowser()[pri:0, instance:demo.TestCases@45e37a7e]" started-at="2024-07-13T18:47:35Z" name="closeBrowser" finished-at="2024-07-13T18:47:35Z" duration-ms="112" status="PASS">
          <reporter-output>
          </reporter-output>
        </test-method> <!-- closeBrowser -->
      </class> <!-- demo.TestCases -->
    </test> <!-- Test Cases for Buildout -->
  </suite> <!-- Test Suite for Buildout -->
</testng-results>
